<?xml version="1.0" encoding="UTF-8"?>
<!-- Generated by org.testng.reporters.JUnitXMLReporter -->
<testsuite ignored="2" hostname="DESKTOP-B4E308O" failures="0" tests="2" name="Smoke Test" time="37.144" errors="0" timestamp="2022-10-28T13:07:46 IST">
  <testcase classname="com.citi.test.Employee_Login_With_Invalid_Credentails_Test" name="addEmployeeTestWithInvalidCredentails" time="2.926"/>
  <testcase classname="com.citi.test.Employee_Login_With_Valid_Credentails_Test" name="addEmployeeTestWithValidCredentails" time="5.502"/>
  <testcase classname="com.citi.base.AutomationWrapper" name="@BeforeSuite init" time="0.0">
    <ignored/>
  </testcase> <!-- @BeforeSuite init -->
  <testcase classname="com.citi.base.AutomationWrapper" name="@AfterSuite end" time="0.0">
    <ignored/>
  </testcase> <!-- @AfterSuite end -->
</testsuite> <!-- Smoke Test -->
