<?xml version="1.0" encoding="UTF-8"?>
<testng-results ignored="2" total="4" passed="2" failed="0" skipped="0">
  <reporter-output>
  </reporter-output>
  <suite started-at="2022-10-28T13:07:09 IST" name="OrangeHRM Suite" finished-at="2022-10-28T13:07:46 IST" duration-ms="37144">
    <groups>
    </groups>
    <test started-at="2022-10-28T13:07:09 IST" name="Smoke Test" finished-at="2022-10-28T13:07:46 IST" duration-ms="37144">
      <class name="com.citi.test.Employee_Login_With_Invalid_Credentails_Test">
        <test-method is-config="true" signature="init()[pri:0, instance:com.citi.test.Employee_Login_With_Invalid_Credentails_Test@60bd273d]" started-at="2022-10-28T13:07:09 IST" name="init" finished-at="2022-10-28T13:07:09 IST" duration-ms="384" status="PASS">
          <reporter-output>
          </reporter-output>
        </test-method> <!-- init -->
        <test-method is-config="true" signature="setup(java.lang.String,java.lang.reflect.Method)[pri:0, instance:com.citi.test.Employee_Login_With_Invalid_Credentails_Test@60bd273d]" started-at="2022-10-28T13:07:09 IST" name="setup" finished-at="2022-10-28T13:07:21 IST" duration-ms="11877" status="PASS">
          <params>
            <param index="0">
              <value>
                <![CDATA[chrome]]>
              </value>
            </param>
            <param index="1">
              <value>
                <![CDATA[public void com.citi.test.Employee_Login_With_Invalid_Credentails_Test.addEmployeeTestWithInvalidCredentails()]]>
              </value>
            </param>
          </params>
          <reporter-output>
          </reporter-output>
        </test-method> <!-- setup -->
        <test-method signature="addEmployeeTestWithInvalidCredentails()[pri:0, instance:com.citi.test.Employee_Login_With_Invalid_Credentails_Test@60bd273d]" started-at="2022-10-28T13:07:21 IST" name="addEmployeeTestWithInvalidCredentails" finished-at="2022-10-28T13:07:24 IST" duration-ms="2926" status="PASS">
          <reporter-output>
          </reporter-output>
        </test-method> <!-- addEmployeeTestWithInvalidCredentails -->
        <test-method is-config="true" signature="teardown(org.testng.ITestResult)[pri:0, instance:com.citi.test.Employee_Login_With_Invalid_Credentails_Test@60bd273d]" started-at="2022-10-28T13:07:24 IST" name="teardown" finished-at="2022-10-28T13:07:24 IST" duration-ms="399" status="PASS">
          <params>
            <param index="0">
              <value>
                <![CDATA[[TestResult name=addEmployeeTestWithInvalidCredentails status=SUCCESS method=Employee_Login_With_Invalid_Credentails_Test.addEmployeeTestWithInvalidCredentails()[pri:0, instance:com.citi.test.Employee_Login_With_Invalid_Credentails_Test@60bd273d] output={null}]]]>
              </value>
            </param>
          </params>
          <reporter-output>
          </reporter-output>
        </test-method> <!-- teardown -->
        <test-method is-config="true" signature="end()[pri:0, instance:com.citi.test.Employee_Login_With_Invalid_Credentails_Test@60bd273d]" started-at="2022-10-28T13:07:46 IST" name="end" finished-at="2022-10-28T13:07:47 IST" duration-ms="404" status="PASS">
          <reporter-output>
          </reporter-output>
        </test-method> <!-- end -->
      </class> <!-- com.citi.test.Employee_Login_With_Invalid_Credentails_Test -->
      <class name="com.citi.test.Employee_Login_With_Valid_Credentails_Test">
        <test-method is-config="true" signature="setup(java.lang.String,java.lang.reflect.Method)[pri:0, instance:com.citi.test.Employee_Login_With_Valid_Credentails_Test@a38c7fe]" started-at="2022-10-28T13:07:24 IST" name="setup" finished-at="2022-10-28T13:07:40 IST" duration-ms="15913" status="PASS">
          <params>
            <param index="0">
              <value>
                <![CDATA[chrome]]>
              </value>
            </param>
            <param index="1">
              <value>
                <![CDATA[public void com.citi.test.Employee_Login_With_Valid_Credentails_Test.addEmployeeTestWithValidCredentails()]]>
              </value>
            </param>
          </params>
          <reporter-output>
          </reporter-output>
        </test-method> <!-- setup -->
        <test-method signature="addEmployeeTestWithValidCredentails()[pri:0, instance:com.citi.test.Employee_Login_With_Valid_Credentails_Test@a38c7fe]" started-at="2022-10-28T13:07:40 IST" name="addEmployeeTestWithValidCredentails" finished-at="2022-10-28T13:07:46 IST" duration-ms="5502" status="PASS">
          <reporter-output>
          </reporter-output>
        </test-method> <!-- addEmployeeTestWithValidCredentails -->
        <test-method is-config="true" signature="teardown(org.testng.ITestResult)[pri:0, instance:com.citi.test.Employee_Login_With_Valid_Credentails_Test@a38c7fe]" started-at="2022-10-28T13:07:46 IST" name="teardown" finished-at="2022-10-28T13:07:46 IST" duration-ms="481" status="PASS">
          <params>
            <param index="0">
              <value>
                <![CDATA[[TestResult name=addEmployeeTestWithValidCredentails status=SUCCESS method=Employee_Login_With_Valid_Credentails_Test.addEmployeeTestWithValidCredentails()[pri:0, instance:com.citi.test.Employee_Login_With_Valid_Credentails_Test@a38c7fe] output={null}]]]>
              </value>
            </param>
          </params>
          <reporter-output>
          </reporter-output>
        </test-method> <!-- teardown -->
      </class> <!-- com.citi.test.Employee_Login_With_Valid_Credentails_Test -->
    </test> <!-- Smoke Test -->
  </suite> <!-- OrangeHRM Suite -->
</testng-results>
